#
# There is insufficient memory for the Java Runtime Environment to continue.
# Native memory allocation (malloc) failed to allocate 1048592 bytes for Chunk::new
# Possible reasons:
#   The system is out of physical RAM or swap space
#   The process is running with CompressedOops enabled, and the Java Heap may be blocking the growth of the native heap
# Possible solutions:
#   Reduce memory load on the system
#   Increase physical memory or swap space
#   Check if swap backing store is full
#   Decrease Java heap size (-Xmx/-Xms)
#   Decrease number of Java threads
#   Decrease Java thread stack sizes (-Xss)
#   Set larger code cache with -XX:ReservedCodeCacheSize=
#   JVM is running with Unscaled Compressed Oops mode in which the Java heap is
#     placed in the first 4GB address space. The Java Heap base address is the
#     maximum limit for the native heap growth. Please use -XX:HeapBaseMinAddress
#     to set the Java Heap base and to place the Java Heap above 4GB virtual address.
# This output file may be truncated or incomplete.
#
#  Out of Memory Error (arena.cpp:168), pid=16136, tid=5696
#
# JRE version: Java(TM) SE Runtime Environment (21.0.10+8) (build 21.0.10+8-LTS-217)
# Java VM: Java HotSpot(TM) 64-Bit Server VM (21.0.10+8-LTS-217, mixed mode, sharing, tiered, compressed oops, compressed class ptrs, g1 gc, windows-amd64)
# No core dump will be written. Minidumps are not enabled by default on client versions of Windows
#

---------------  S U M M A R Y ------------

Command Line: -Dmaven.home=EMBEDDED -Dclassworlds.conf=C:\Users\akash patil\SpringPractice\.metadata\.plugins\org.eclipse.m2e.launching\launches\m2conf5028987866857428943.tmp -Dmaven.multiModuleProjectDirectory=C:\Users\akash patil\SpringPractice\api-gateway.zip_expanded\api-gateway -Dm2e.build.project.data.socket.port=56290 -Dfile.encoding=UTF-8 -Dstdout.encoding=UTF-8 -Dstderr.encoding=UTF-8 -XX:+ShowCodeDetailsInExceptionMessages org.codehaus.plexus.classworlds.launcher.Launcher -B -Dstyle.color=always install

Host: 11th Gen Intel(R) Core(TM) i5-11300H @ 3.10GHz, 8 cores, 7G,  Windows 11 , 64 bit Build 26100 (10.0.26100.8328)
Time: Fri Jun  5 16:46:07 2026 India Standard Time elapsed time: 18.030966 seconds (0d 0h 0m 18s)

---------------  T H R E A D  ---------------

Current thread (0x00000279fba51690):  JavaThread "C2 CompilerThread0" daemon [_thread_in_native, id=5696, stack(0x000000b116f00000,0x000000b117000000) (1024K)]


Current CompileTask:
C2:  18031 8564   !   4       java.lang.ClassLoader::loadClass (121 bytes)

Stack: [0x000000b116f00000,0x000000b117000000]
Native frames: (J=compiled Java code, j=interpreted, Vv=VM code, C=native code)
V  [jvm.dll+0x6d0b59]
V  [jvm.dll+0x85fd56]
V  [jvm.dll+0x86224e]
V  [jvm.dll+0x862923]
V  [jvm.dll+0x282a16]
V  [jvm.dll+0xc662d]
V  [jvm.dll+0xc6b71]
V  [jvm.dll+0xc6755]
V  [jvm.dll+0x143977]
V  [jvm.dll+0x71da59]
V  [jvm.dll+0x71b4cf]
V  [jvm.dll+0x1e3601]
V  [jvm.dll+0x24b4c3]
V  [jvm.dll+0x24a94f]
V  [jvm.dll+0x1cacfe]
V  [jvm.dll+0x25a629]
V  [jvm.dll+0x258bb5]
V  [jvm.dll+0x3f4da1]
V  [jvm.dll+0x80a83d]
V  [jvm.dll+0x6cf3fd]
C  [ucrtbase.dll+0x37b0]
C  [KERNEL32.DLL+0x2e957]
C  [ntdll.dll+0x427c]


---------------  P R O C E S S  ---------------

Threads class SMR info:
_java_thread_list=0x00000279c58c21b0, length=17, elements={
0x00000279dce03ca0, 0x00000279fba22980, 0x00000279fba27f60, 0x00000279fba33b90,
0x00000279fba34d70, 0x00000279fba37920, 0x00000279fba36570, 0x00000279fba51690,
0x00000279fba528b0, 0x00000279fba37fb0, 0x00000279fba38640, 0x00000279fba38cd0,
0x00000279fba39360, 0x00000279fba399f0, 0x00000279fba36c00, 0x00000279c672bf40,
0x00000279c672b220
}

Java Threads: ( => current thread )
  0x00000279dce03ca0 JavaThread "main"                              [_thread_in_native, id=43000, stack(0x000000b116100000,0x000000b116200000) (1024K)]
  0x00000279fba22980 JavaThread "Reference Handler"          daemon [_thread_blocked, id=40484, stack(0x000000b116900000,0x000000b116a00000) (1024K)]
  0x00000279fba27f60 JavaThread "Finalizer"                  daemon [_thread_blocked, id=2768, stack(0x000000b116a00000,0x000000b116b00000) (1024K)]
  0x00000279fba33b90 JavaThread "Signal Dispatcher"          daemon [_thread_blocked, id=34928, stack(0x000000b116b00000,0x000000b116c00000) (1024K)]
  0x00000279fba34d70 JavaThread "Attach Listener"            daemon [_thread_blocked, id=25616, stack(0x000000b116c00000,0x000000b116d00000) (1024K)]
  0x00000279fba37920 JavaThread "Service Thread"             daemon [_thread_blocked, id=26880, stack(0x000000b116d00000,0x000000b116e00000) (1024K)]
  0x00000279fba36570 JavaThread "Monitor Deflation Thread"   daemon [_thread_blocked, id=42600, stack(0x000000b116e00000,0x000000b116f00000) (1024K)]
=>0x00000279fba51690 JavaThread "C2 CompilerThread0"         daemon [_thread_in_native, id=5696, stack(0x000000b116f00000,0x000000b117000000) (1024K)]
  0x00000279fba528b0 JavaThread "C1 CompilerThread0"         daemon [_thread_blocked, id=38724, stack(0x000000b117000000,0x000000b117100000) (1024K)]
  0x00000279fba37fb0 JavaThread "Notification Thread"        daemon [_thread_blocked, id=872, stack(0x000000b117100000,0x000000b117200000) (1024K)]
  0x00000279fba38640 JavaThread "Common-Cleaner"             daemon [_thread_blocked, id=34224, stack(0x000000b117200000,0x000000b117300000) (1024K)]
  0x00000279fba38cd0 JavaThread "timeout-check-timer"        daemon [_thread_blocked, id=34600, stack(0x000000b117c00000,0x000000b117d00000) (1024K)]
  0x00000279fba39360 JavaThread "ping-timer-10s"             daemon [_thread_blocked, id=33620, stack(0x000000b117d00000,0x000000b117e00000) (1024K)]
  0x00000279fba399f0 JavaThread "ThreadedStreamConsumer"     daemon [_thread_blocked, id=42728, stack(0x000000b117e00000,0x000000b117f00000) (1024K)]
  0x00000279fba36c00 JavaThread "fork-1-err-thread"          daemon [_thread_in_native, id=9512, stack(0x000000b117f00000,0x000000b118000000) (1024K)]
  0x00000279c672bf40 JavaThread "commands-fork-1"            daemon [_thread_blocked, id=14340, stack(0x000000b118000000,0x000000b118100000) (1024K)]
  0x00000279c672b220 JavaThread "fork-1-event-thread"        daemon [_thread_in_native, id=25268, stack(0x000000b118100000,0x000000b118200000) (1024K)]
Total: 17

Other Threads:
  0x00000279fba07ca0 VMThread "VM Thread"                           [id=31160, stack(0x000000b116800000,0x000000b116900000) (1024K)]
  0x00000279fb9f4d30 WatcherThread "VM Periodic Task Thread"        [id=41356, stack(0x000000b116700000,0x000000b116800000) (1024K)]
  0x00000279dd33d2e0 WorkerThread "GC Thread#0"                     [id=34800, stack(0x000000b116200000,0x000000b116300000) (1024K)]
  0x00000279c5e6bb00 WorkerThread "GC Thread#1"                     [id=37428, stack(0x000000b117300000,0x000000b117400000) (1024K)]
  0x00000279c5e6beb0 WorkerThread "GC Thread#2"                     [id=19536, stack(0x000000b117400000,0x000000b117500000) (1024K)]
  0x00000279c5b7de80 WorkerThread "GC Thread#3"                     [id=41188, stack(0x000000b117500000,0x000000b117600000) (1024K)]
  0x00000279c5bd9b90 WorkerThread "GC Thread#4"                     [id=14060, stack(0x000000b117600000,0x000000b117700000) (1024K)]
  0x00000279c5ba24d0 WorkerThread "GC Thread#5"                     [id=40256, stack(0x000000b117700000,0x000000b117800000) (1024K)]
  0x00000279c5ba2880 WorkerThread "GC Thread#6"                     [id=32028, stack(0x000000b117800000,0x000000b117900000) (1024K)]
  0x00000279c5ba2c30 WorkerThread "GC Thread#7"                     [id=37868, stack(0x000000b117900000,0x000000b117a00000) (1024K)]
  0x00000279dd350050 ConcurrentGCThread "G1 Main Marker"            [id=34596, stack(0x000000b116300000,0x000000b116400000) (1024K)]
  0x00000279dd351680 WorkerThread "G1 Conc#0"                       [id=35608, stack(0x000000b116400000,0x000000b116500000) (1024K)]
  0x00000279c6bda3c0 WorkerThread "G1 Conc#1"                       [id=32084, stack(0x000000b117b00000,0x000000b117c00000) (1024K)]
  0x00000279fb8c5610 ConcurrentGCThread "G1 Refine#0"               [id=13068, stack(0x000000b116500000,0x000000b116600000) (1024K)]
  0x00000279fb8c5f40 ConcurrentGCThread "G1 Service"                [id=28040, stack(0x000000b116600000,0x000000b116700000) (1024K)]
Total: 15

Threads with active compile tasks:
C2 CompilerThread0    18078 8564   !   4       java.lang.ClassLoader::loadClass (121 bytes)
Total: 1

VM state: not at safepoint (normal execution)

VM Mutex/Monitor currently owned by a thread: None

Heap address: 0x0000000083e00000, size: 1986 MB, Compressed Oops mode: 32-bit

CDS archive(s) mapped at: [0x0000027980000000-0x0000027980c90000-0x0000027980c90000), size 13172736, SharedBaseAddress: 0x0000027980000000, ArchiveRelocationMode: 1.
Compressed class space mapped at: 0x0000027981000000-0x00000279c1000000, reserved size: 1073741824
Narrow klass base: 0x0000027980000000, Narrow klass shift: 0, Narrow klass range: 0x100000000

GC Precious Log:
 CardTable entry size: 512
 Card Set container configuration: InlinePtr #cards 5 size 8 Array Of Cards #cards 12 size 40 Howl #buckets 4 coarsen threshold 1843 Howl Bitmap #cards 512 size 80 coarsen threshold 460 Card regions per heap region 1 cards per card region 2048
 CPUs: 8 total, 8 available
 Memory: 7937M
 Large Page Support: Disabled
 NUMA Support: Disabled
 Compressed Oops: Enabled (32-bit)
 Heap Region Size: 1M
 Heap Min Capacity: 8M
 Heap Initial Capacity: 126M
 Heap Max Capacity: 1986M
 Pre-touch: Disabled
 Parallel Workers: 8
 Concurrent Workers: 2
 Concurrent Refinement Workers: 8
 Periodic GC: Disabled

Heap:
 garbage-first heap   total 155648K, used 125530K [0x0000000083e00000, 0x0000000100000000)
  region size 1024K, 41 young (41984K), 2 survivors (2048K)
 Metaspace       used 37940K, committed 38400K, reserved 1114112K
  class space    used 4128K, committed 4352K, reserved 1048576K

Heap Regions: E=young(eden), S=young(survivor), O=old, HS=humongous(starts), HC=humongous(continues), CS=collection set, F=free, TAMS=top-at-mark-start, PB=parsable bottom
|   0|0x0000000083e00000, 0x0000000083f00000, 0x0000000083f00000|100%| O|  |TAMS 0x0000000083e00000| PB 0x0000000083e00000| Untracked 
|   1|0x0000000083f00000, 0x0000000084000000, 0x0000000084000000|100%| O|  |TAMS 0x0000000083f00000| PB 0x0000000083f00000| Untracked 
|   2|0x0000000084000000, 0x0000000084100000, 0x0000000084100000|100%| O|  |TAMS 0x0000000084000000| PB 0x0000000084000000| Untracked 
|   3|0x0000000084100000, 0x0000000084200000, 0x0000000084200000|100%| O|  |TAMS 0x0000000084100000| PB 0x0000000084100000| Untracked 
|   4|0x0000000084200000, 0x0000000084300000, 0x0000000084300000|100%| O|  |TAMS 0x0000000084200000| PB 0x0000000084200000| Untracked 
|   5|0x0000000084300000, 0x0000000084400000, 0x0000000084400000|100%| O|  |TAMS 0x0000000084300000| PB 0x0000000084300000| Untracked 
|   6|0x0000000084400000, 0x0000000084500000, 0x0000000084500000|100%| O|  |TAMS 0x0000000084400000| PB 0x0000000084400000| Untracked 
|   7|0x0000000084500000, 0x0000000084600000, 0x0000000084600000|100%| O|  |TAMS 0x0000000084500000| PB 0x0000000084500000| Untracked 
|   8|0x0000000084600000, 0x0000000084700000, 0x0000000084700000|100%| O|  |TAMS 0x0000000084600000| PB 0x0000000084600000| Untracked 
|   9|0x0000000084700000, 0x0000000084800000, 0x0000000084800000|100%| O|  |TAMS 0x0000000084700000| PB 0x0000000084700000| Untracked 
|  10|0x0000000084800000, 0x0000000084900000, 0x0000000084900000|100%| O|  |TAMS 0x0000000084800000| PB 0x0000000084800000| Untracked 
|  11|0x0000000084900000, 0x0000000084a00000, 0x0000000084a00000|100%| O|  |TAMS 0x0000000084900000| PB 0x0000000084900000| Untracked 
|  12|0x0000000084a00000, 0x0000000084b00000, 0x0000000084b00000|100%| O|  |TAMS 0x0000000084a00000| PB 0x0000000084a00000| Untracked 
|  13|0x0000000084b00000, 0x0000000084c00000, 0x0000000084c00000|100%| O|  |TAMS 0x0000000084b00000| PB 0x0000000084b00000| Untracked 
|  14|0x0000000084c00000, 0x0000000084d00000, 0x0000000084d00000|100%| O|  |TAMS 0x0000000084c00000| PB 0x0000000084c00000| Untracked 
|  15|0x0000000084d00000, 0x0000000084e00000, 0x0000000084e00000|100%| O|  |TAMS 0x0000000084d00000| PB 0x0000000084d00000| Untracked 
|  16|0x0000000084e00000, 0x0000000084f00000, 0x0000000084f00000|100%| O|  |TAMS 0x0000000084e00000| PB 0x0000000084e00000| Untracked 
|  17|0x0000000084f00000, 0x0000000085000000, 0x0000000085000000|100%| O|  |TAMS 0x0000000084f00000| PB 0x0000000084f00000| Untracked 
|  18|0x0000000085000000, 0x0000000085100000, 0x0000000085100000|100%| O|  |TAMS 0x0000000085000000| PB 0x0000000085000000| Untracked 
|  19|0x0000000085100000, 0x0000000085200000, 0x0000000085200000|100%| O|  |TAMS 0x0000000085100000| PB 0x0000000085100000| Untracked 
|  20|0x0000000085200000, 0x0000000085300000, 0x0000000085300000|100%| O|  |TAMS 0x0000000085200000| PB 0x0000000085200000| Untracked 
|  21|0x0000000085300000, 0x0000000085400000, 0x0000000085400000|100%| O|  |TAMS 0x0000000085300000| PB 0x0000000085300000| Untracked 
|  22|0x0000000085400000, 0x0000000085500000, 0x0000000085500000|100%| O|  |TAMS 0x0000000085400000| PB 0x0000000085400000| Untracked 
|  23|0x0000000085500000, 0x0000000085600000, 0x0000000085600000|100%| O|  |TAMS 0x0000000085500000| PB 0x0000000085500000| Untracked 
|  24|0x0000000085600000, 0x0000000085700000, 0x0000000085700000|100%| O|  |TAMS 0x0000000085600000| PB 0x0000000085600000| Untracked 
|  25|0x0000000085700000, 0x0000000085800000, 0x0000000085800000|100%| O|  |TAMS 0x0000000085700000| PB 0x0000000085700000| Untracked 
|  26|0x0000000085800000, 0x0000000085900000, 0x0000000085900000|100%| O|  |TAMS 0x0000000085800000| PB 0x0000000085800000| Untracked 
|  27|0x0000000085900000, 0x0000000085a00000, 0x0000000085a00000|100%| O|  |TAMS 0x0000000085900000| PB 0x0000000085900000| Untracked 
|  28|0x0000000085a00000, 0x0000000085b00000, 0x0000000085b00000|100%| O|  |TAMS 0x0000000085a00000| PB 0x0000000085a00000| Untracked 
|  29|0x0000000085b00000, 0x0000000085b00000, 0x0000000085c00000|  0%| F|  |TAMS 0x0000000085b00000| PB 0x0000000085b00000| Untracked 
|  30|0x0000000085c00000, 0x0000000085d00000, 0x0000000085d00000|100%| O|  |TAMS 0x0000000085c00000| PB 0x0000000085c00000| Untracked 
|  31|0x0000000085d00000, 0x0000000085e00000, 0x0000000085e00000|100%| O|  |TAMS 0x0000000085d00000| PB 0x0000000085d00000| Untracked 
|  32|0x0000000085e00000, 0x0000000085f00000, 0x0000000085f00000|100%| O|  |TAMS 0x0000000085e00000| PB 0x0000000085e00000| Untracked 
|  33|0x0000000085f00000, 0x0000000086000000, 0x0000000086000000|100%|HS|  |TAMS 0x0000000085f00000| PB 0x0000000085f00000| Complete 
|  34|0x0000000086000000, 0x0000000086100000, 0x0000000086100000|100%|HC|  |TAMS 0x0000000086000000| PB 0x0000000086000000| Complete 
|  35|0x0000000086100000, 0x0000000086200000, 0x0000000086200000|100%|HC|  |TAMS 0x0000000086100000| PB 0x0000000086100000| Complete 
|  36|0x0000000086200000, 0x0000000086300000, 0x0000000086300000|100%| O|  |TAMS 0x0000000086200000| PB 0x0000000086200000| Untracked 
|  37|0x0000000086300000, 0x0000000086300000, 0x0000000086400000|  0%| F|  |TAMS 0x0000000086300000| PB 0x0000000086300000| Untracked 
|  38|0x0000000086400000, 0x0000000086400000, 0x0000000086500000|  0%| F|  |TAMS 0x0000000086400000| PB 0x0000000086400000| Untracked 
|  39|0x0000000086500000, 0x0000000086600000, 0x0000000086600000|100%| O|  |TAMS 0x0000000086500000| PB 0x0000000086500000| Untracked 
|  40|0x0000000086600000, 0x0000000086600000, 0x0000000086700000|  0%| F|  |TAMS 0x0000000086600000| PB 0x0000000086600000| Untracked 
|  41|0x0000000086700000, 0x0000000086800000, 0x0000000086800000|100%| O|  |TAMS 0x0000000086700000| PB 0x0000000086700000| Untracked 
|  42|0x0000000086800000, 0x0000000086900000, 0x0000000086900000|100%| O|  |TAMS 0x0000000086800000| PB 0x0000000086800000| Untracked 
|  43|0x0000000086900000, 0x0000000086a00000, 0x0000000086a00000|100%|HS|  |TAMS 0x0000000086900000| PB 0x0000000086900000| Complete 
|  44|0x0000000086a00000, 0x0000000086b00000, 0x0000000086b00000|100%| O|  |TAMS 0x0000000086a00000| PB 0x0000000086a00000| Untracked 
|  45|0x0000000086b00000, 0x0000000086b00000, 0x0000000086c00000|  0%| F|  |TAMS 0x0000000086b00000| PB 0x0000000086b00000| Untracked 
|  46|0x0000000086c00000, 0x0000000086d00000, 0x0000000086d00000|100%| O|  |TAMS 0x0000000086c00000| PB 0x0000000086c00000| Untracked 
|  47|0x0000000086d00000, 0x0000000086e00000, 0x0000000086e00000|100%| O|  |TAMS 0x0000000086d00000| PB 0x0000000086d00000| Untracked 
|  48|0x0000000086e00000, 0x0000000086e00000, 0x0000000086f00000|  0%| F|  |TAMS 0x0000000086e00000| PB 0x0000000086e00000| Untracked 
|  49|0x0000000086f00000, 0x0000000087000000, 0x0000000087000000|100%| O|  |TAMS 0x0000000086f00000| PB 0x0000000086f00000| Untracked 
|  50|0x0000000087000000, 0x0000000087100000, 0x0000000087100000|100%| O|  |TAMS 0x0000000087000000| PB 0x0000000087000000| Untracked 
|  51|0x0000000087100000, 0x0000000087200000, 0x0000000087200000|100%| O|  |TAMS 0x0000000087100000| PB 0x0000000087100000| Untracked 
|  52|0x0000000087200000, 0x0000000087200000, 0x0000000087300000|  0%| F|  |TAMS 0x0000000087200000| PB 0x0000000087200000| Untracked 
|  53|0x0000000087300000, 0x0000000087400000, 0x0000000087400000|100%|HS|  |TAMS 0x0000000087300000| PB 0x0000000087300000| Complete 
|  54|0x0000000087400000, 0x0000000087500000, 0x0000000087500000|100%|HC|  |TAMS 0x0000000087400000| PB 0x0000000087400000| Complete 
|  55|0x0000000087500000, 0x0000000087600000, 0x0000000087600000|100%|HC|  |TAMS 0x0000000087500000| PB 0x0000000087500000| Complete 
|  56|0x0000000087600000, 0x0000000087700000, 0x0000000087700000|100%|HS|  |TAMS 0x0000000087600000| PB 0x0000000087600000| Complete 
|  57|0x0000000087700000, 0x0000000087800000, 0x0000000087800000|100%|HS|  |TAMS 0x0000000087700000| PB 0x0000000087700000| Complete 
|  58|0x0000000087800000, 0x0000000087900000, 0x0000000087900000|100%|HS|  |TAMS 0x0000000087800000| PB 0x0000000087800000| Complete 
|  59|0x0000000087900000, 0x0000000087a00000, 0x0000000087a00000|100%| O|  |TAMS 0x0000000087900000| PB 0x0000000087900000| Untracked 
|  60|0x0000000087a00000, 0x0000000087b00000, 0x0000000087b00000|100%| O|  |TAMS 0x0000000087a00000| PB 0x0000000087a00000| Untracked 
|  61|0x0000000087b00000, 0x0000000087c00000, 0x0000000087c00000|100%| O|  |TAMS 0x0000000087b00000| PB 0x0000000087b00000| Untracked 
|  62|0x0000000087c00000, 0x0000000087d00000, 0x0000000087d00000|100%| O|  |TAMS 0x0000000087c00000| PB 0x0000000087c00000| Untracked 
|  63|0x0000000087d00000, 0x0000000087e00000, 0x0000000087e00000|100%| O|  |TAMS 0x0000000087d00000| PB 0x0000000087d00000| Untracked 
|  64|0x0000000087e00000, 0x0000000087f00000, 0x0000000087f00000|100%| O|  |TAMS 0x0000000087e00000| PB 0x0000000087e00000| Untracked 
|  65|0x0000000087f00000, 0x0000000088000000, 0x0000000088000000|100%| O|  |TAMS 0x0000000087f00000| PB 0x0000000087f00000| Untracked 
|  66|0x0000000088000000, 0x0000000088100000, 0x0000000088100000|100%| O|  |TAMS 0x0000000088000000| PB 0x0000000088000000| Untracked 
|  67|0x0000000088100000, 0x0000000088200000, 0x0000000088200000|100%| O|  |TAMS 0x0000000088100000| PB 0x0000000088100000| Untracked 
|  68|0x0000000088200000, 0x0000000088300000, 0x0000000088300000|100%| O|  |TAMS 0x0000000088200000| PB 0x0000000088200000| Untracked 
|  69|0x0000000088300000, 0x0000000088400000, 0x0000000088400000|100%| O|  |TAMS 0x0000000088300000| PB 0x0000000088300000| Untracked 
|  70|0x0000000088400000, 0x0000000088500000, 0x0000000088500000|100%| O|  |TAMS 0x0000000088400000| PB 0x0000000088400000| Untracked 
|  71|0x0000000088500000, 0x0000000088600000, 0x0000000088600000|100%| O|  |TAMS 0x0000000088500000| PB 0x0000000088500000| Untracked 
|  72|0x0000000088600000, 0x0000000088700000, 0x0000000088700000|100%| O|  |TAMS 0x0000000088600000| PB 0x0000000088600000| Untracked 
|  73|0x0000000088700000, 0x0000000088800000, 0x0000000088800000|100%| O|  |TAMS 0x0000000088700000| PB 0x0000000088700000| Untracked 
|  74|0x0000000088800000, 0x0000000088900000, 0x0000000088900000|100%| O|  |TAMS 0x0000000088800000| PB 0x0000000088800000| Untracked 
|  75|0x0000000088900000, 0x0000000088a00000, 0x0000000088a00000|100%| O|  |TAMS 0x0000000088900000| PB 0x0000000088900000| Untracked 
|  76|0x0000000088a00000, 0x0000000088b00000, 0x0000000088b00000|100%| O|  |TAMS 0x0000000088a00000| PB 0x0000000088a00000| Untracked 
|  77|0x0000000088b00000, 0x0000000088b00000, 0x0000000088c00000|  0%| F|  |TAMS 0x0000000088b00000| PB 0x0000000088b00000| Untracked 
|  78|0x0000000088c00000, 0x0000000088c00000, 0x0000000088d00000|  0%| F|  |TAMS 0x0000000088c00000| PB 0x0000000088c00000| Untracked 
|  79|0x0000000088d00000, 0x0000000088d00000, 0x0000000088e00000|  0%| F|  |TAMS 0x0000000088d00000| PB 0x0000000088d00000| Untracked 
|  80|0x0000000088e00000, 0x0000000088e00000, 0x0000000088f00000|  0%| F|  |TAMS 0x0000000088e00000| PB 0x0000000088e00000| Untracked 
|  81|0x0000000088f00000, 0x0000000088f00000, 0x0000000089000000|  0%| F|  |TAMS 0x0000000088f00000| PB 0x0000000088f00000| Untracked 
|  82|0x0000000089000000, 0x0000000089000000, 0x0000000089100000|  0%| F|  |TAMS 0x0000000089000000| PB 0x0000000089000000| Untracked 
|  83|0x0000000089100000, 0x0000000089100000, 0x0000000089200000|  0%| F|  |TAMS 0x0000000089100000| PB 0x0000000089100000| Untracked 
|  84|0x0000000089200000, 0x0000000089200000, 0x0000000089300000|  0%| F|  |TAMS 0x0000000089200000| PB 0x0000000089200000| Untracked 
|  85|0x0000000089300000, 0x0000000089300000, 0x0000000089400000|  0%| F|  |TAMS 0x0000000089300000| PB 0x0000000089300000| Untracked 
|  86|0x0000000089400000, 0x0000000089400000, 0x0000000089500000|  0%| F|  |TAMS 0x0000000089400000| PB 0x0000000089400000| Untracked 
|  87|0x0000000089500000, 0x0000000089500000, 0x0000000089600000|  0%| F|  |TAMS 0x0000000089500000| PB 0x0000000089500000| Untracked 
|  88|0x0000000089600000, 0x0000000089600000, 0x0000000089700000|  0%| F|  |TAMS 0x0000000089600000| PB 0x0000000089600000| Untracked 
|  89|0x0000000089700000, 0x0000000089700000, 0x0000000089800000|  0%| F|  |TAMS 0x0000000089700000| PB 0x0000000089700000| Untracked 
|  90|0x0000000089800000, 0x0000000089800000, 0x0000000089900000|  0%| F|  |TAMS 0x0000000089800000| PB 0x0000000089800000| Untracked 
|  91|0x0000000089900000, 0x0000000089900000, 0x0000000089a00000|  0%| F|  |TAMS 0x0000000089900000| PB 0x0000000089900000| Untracked 
|  92|0x0000000089a00000, 0x0000000089a00000, 0x0000000089b00000|  0%| F|  |TAMS 0x0000000089a00000| PB 0x0000000089a00000| Untracked 
|  93|0x0000000089b00000, 0x0000000089b00000, 0x0000000089c00000|  0%| F|  |TAMS 0x0000000089b00000| PB 0x0000000089b00000| Untracked 
|  94|0x0000000089c00000, 0x0000000089c00000, 0x0000000089d00000|  0%| F|  |TAMS 0x0000000089c00000| PB 0x0000000089c00000| Untracked 
|  95|0x0000000089d00000, 0x0000000089d00000, 0x0000000089e00000|  0%| F|  |TAMS 0x0000000089d00000| PB 0x0000000089d00000| Untracked 
|  96|0x0000000089e00000, 0x0000000089e00000, 0x0000000089f00000|  0%| F|  |TAMS 0x0000000089e00000| PB 0x0000000089e00000| Untracked 
|  97|0x0000000089f00000, 0x0000000089f00000, 0x000000008a000000|  0%| F|  |TAMS 0x0000000089f00000| PB 0x0000000089f00000| Untracked 
|  98|0x000000008a000000, 0x000000008a066678, 0x000000008a100000| 40%| E|  |TAMS 0x000000008a000000| PB 0x000000008a000000| Complete 
|  99|0x000000008a100000, 0x000000008a196b20, 0x000000008a200000| 58%| S|CS|TAMS 0x000000008a100000| PB 0x000000008a100000| Complete 
| 100|0x000000008a200000, 0x000000008a300000, 0x000000008a300000|100%| S|CS|TAMS 0x000000008a200000| PB 0x000000008a200000| Complete 
| 101|0x000000008a300000, 0x000000008a400000, 0x000000008a400000|100%| E|CS|TAMS 0x000000008a300000| PB 0x000000008a300000| Complete 
| 102|0x000000008a400000, 0x000000008a500000, 0x000000008a500000|100%| E|CS|TAMS 0x000000008a400000| PB 0x000000008a400000| Complete 
| 103|0x000000008a500000, 0x000000008a600000, 0x000000008a600000|100%| E|CS|TAMS 0x000000008a500000| PB 0x000000008a500000| Complete 
| 104|0x000000008a600000, 0x000000008a700000, 0x000000008a700000|100%| E|CS|TAMS 0x000000008a600000| PB 0x000000008a600000| Complete 
| 105|0x000000008a700000, 0x000000008a800000, 0x000000008a800000|100%| E|CS|TAMS 0x000000008a700000| PB 0x000000008a700000| Complete 
| 106|0x000000008a800000, 0x000000008a900000, 0x000000008a900000|100%| E|CS|TAMS 0x000000008a800000| PB 0x000000008a800000| Complete 
| 107|0x000000008a900000, 0x000000008aa00000, 0x000000008aa00000|100%| E|CS|TAMS 0x000000008a900000| PB 0x000000008a900000| Complete 
| 108|0x000000008aa00000, 0x000000008ab00000, 0x000000008ab00000|100%| E|CS|TAMS 0x000000008aa00000| PB 0x000000008aa00000| Complete 
| 109|0x000000008ab00000, 0x000000008ac00000, 0x000000008ac00000|100%| E|CS|TAMS 0x000000008ab00000| PB 0x000000008ab00000| Complete 
| 110|0x000000008ac00000, 0x000000008ad00000, 0x000000008ad00000|100%| E|CS|TAMS 0x000000008ac00000| PB 0x000000008ac00000| Complete 
| 111|0x000000008ad00000, 0x000000008ae00000, 0x000000008ae00000|100%| E|CS|TAMS 0x000000008ad00000| PB 0x000000008ad00000| Complete 
| 112|0x000000008ae00000, 0x000000008af00000, 0x000000008af00000|100%| E|CS|TAMS 0x000000008ae00000| PB 0x000000008ae00000| Complete 
| 113|0x000000008af00000, 0x000000008b000000, 0x000000008b000000|100%| E|CS|TAMS 0x000000008af00000| PB 0x000000008af00000| Complete 
| 114|0x000000008b000000, 0x000000008b100000, 0x000000008b100000|100%| E|CS|TAMS 0x000000008b000000| PB 0x000000008b000000| Complete 
| 115|0x000000008b100000, 0x000000008b200000, 0x000000008b200000|100%| E|CS|TAMS 0x000000008b100000| PB 0x000000008b100000| Complete 
| 116|0x000000008b200000, 0x000000008b300000, 0x000000008b300000|100%| E|CS|TAMS 0x000000008b200000| PB 0x000000008b200000| Complete 
| 117|0x000000008b300000, 0x000000008b400000, 0x000000008b400000|100%| E|CS|TAMS 0x000000008b300000| PB 0x000000008b300000| Complete 
| 118|0x000000008b400000, 0x000000008b500000, 0x000000008b500000|100%| E|CS|TAMS 0x000000008b400000| PB 0x000000008b400000| Complete 
| 119|0x000000008b500000, 0x000000008b600000, 0x000000008b600000|100%| E|CS|TAMS 0x000000008b500000| PB 0x000000008b500000| Complete 
| 120|0x000000008b600000, 0x000000008b700000, 0x000000008b700000|100%| E|CS|TAMS 0x000000008b600000| PB 0x000000008b600000| Complete 
| 121|0x000000008b700000, 0x000000008b800000, 0x000000008b800000|100%| E|CS|TAMS 0x000000008b700000| PB 0x000000008b700000| Complete 
| 122|0x000000008b800000, 0x000000008b900000, 0x000000008b900000|100%| E|CS|TAMS 0x000000008b800000| PB 0x000000008b800000| Complete 
| 123|0x000000008b900000, 0x000000008ba00000, 0x000000008ba00000|100%| E|CS|TAMS 0x000000008b900000| PB 0x000000008b900000| Complete 
| 124|0x000000008ba00000, 0x000000008bb00000, 0x000000008bb00000|100%| E|CS|TAMS 0x000000008ba00000| PB 0x000000008ba00000| Complete 
| 125|0x000000008bb00000, 0x000000008bc00000, 0x000000008bc00000|100%| E|CS|TAMS 0x000000008bb00000| PB 0x000000008bb00000| Complete 
| 126|0x000000008bc00000, 0x000000008bd00000, 0x000000008bd00000|100%| E|CS|TAMS 0x000000008bc00000| PB 0x000000008bc00000| Complete 
| 127|0x000000008bd00000, 0x000000008be00000, 0x000000008be00000|100%| E|CS|TAMS 0x000000008bd00000| PB 0x000000008bd00000| Complete 
| 128|0x000000008be00000, 0x000000008bf00000, 0x000000008bf00000|100%| E|CS|TAMS 0x000000008be00000| PB 0x000000008be00000| Complete 
| 129|0x000000008bf00000, 0x000000008c000000, 0x000000008c000000|100%| E|CS|TAMS 0x000000008bf00000| PB 0x000000008bf00000| Complete 
| 130|0x000000008c000000, 0x000000008c100000, 0x000000008c100000|100%| E|CS|TAMS 0x000000008c000000| PB 0x000000008c000000| Complete 
| 131|0x000000008c100000, 0x000000008c200000, 0x000000008c200000|100%| E|CS|TAMS 0x000000008c100000| PB 0x000000008c100000| Complete 
| 132|0x000000008c200000, 0x000000008c300000, 0x000000008c300000|100%| E|CS|TAMS 0x000000008c200000| PB 0x000000008c200000| Complete 
|1967|0x00000000fed00000, 0x00000000fee00000, 0x00000000fee00000|100%| O|  |TAMS 0x00000000fed00000| PB 0x00000000fed00000| Untracked 
|1968|0x00000000fee00000, 0x00000000fef00000, 0x00000000fef00000|100%| O|  |TAMS 0x00000000fee00000| PB 0x00000000fee00000| Untracked 
|1969|0x00000000fef00000, 0x00000000ff000000, 0x00000000ff000000|100%| O|  |TAMS 0x00000000fef00000| PB 0x00000000fef00000| Untracked 
|1970|0x00000000ff000000, 0x00000000ff100000, 0x00000000ff100000|100%| O|  |TAMS 0x00000000ff000000| PB 0x00000000ff000000| Untracked 
|1971|0x00000000ff100000, 0x00000000ff200000, 0x00000000ff200000|100%| O|  |TAMS 0x00000000ff100000| PB 0x00000000ff100000| Untracked 
|1972|0x00000000ff200000, 0x00000000ff300000, 0x00000000ff300000|100%| O|  |TAMS 0x00000000ff200000| PB 0x00000000ff200000| Untracked 
|1973|0x00000000ff300000, 0x00000000ff400000, 0x00000000ff400000|100%| O|  |TAMS 0x00000000ff300000| PB 0x00000000ff300000| Untracked 
|1974|0x00000000ff400000, 0x00000000ff500000, 0x00000000ff500000|100%| O|  |TAMS 0x00000000ff400000| PB 0x00000000ff400000| Untracked 
|1975|0x00000000ff500000, 0x00000000ff600000, 0x00000000ff600000|100%| O|  |TAMS 0x00000000ff500000| PB 0x00000000ff500000| Untracked 
|1976|0x00000000ff600000, 0x00000000ff700000, 0x00000000ff700000|100%| O|  |TAMS 0x00000000ff600000| PB 0x00000000ff600000| Untracked 
|1977|0x00000000ff700000, 0x00000000ff800000, 0x00000000ff800000|100%| O|  |TAMS 0x00000000ff700000| PB 0x00000000ff700000| Untracked 
|1978|0x00000000ff800000, 0x00000000ff900000, 0x00000000ff900000|100%| O|  |TAMS 0x00000000ff800000| PB 0x00000000ff800000| Untracked 
|1979|0x00000000ff900000, 0x00000000ffa00000, 0x00000000ffa00000|100%| E|CS|TAMS 0x00000000ff900000| PB 0x00000000ff900000| Complete 
|1980|0x00000000ffa00000, 0x00000000ffb00000, 0x00000000ffb00000|100%| O|  |TAMS 0x00000000ffa00000| PB 0x00000000ffa00000| Untracked 
|1981|0x00000000ffb00000, 0x00000000ffc00000, 0x00000000ffc00000|100%| E|CS|TAMS 0x00000000ffb00000| PB 0x00000000ffb00000| Complete 
|1982|0x00000000ffc00000, 0x00000000ffd00000, 0x00000000ffd00000|100%| E|CS|TAMS 0x00000000ffc00000| PB 0x00000000ffc00000| Complete 
|1983|0x00000000ffd00000, 0x00000000ffe00000, 0x00000000ffe00000|100%| E|CS|TAMS 0x00000000ffd00000| PB 0x00000000ffd00000| Complete 
|1984|0x00000000ffe00000, 0x00000000fff00000, 0x00000000fff00000|100%| E|CS|TAMS 0x00000000ffe00000| PB 0x00000000ffe00000| Complete 
|1985|0x00000000fff00000, 0x0000000100000000, 0x0000000100000000|100%| E|CS|TAMS 0x00000000fff00000| PB 0x00000000fff00000| Complete 

Card table byte_map: [0x00000279f6c40000,0x00000279f7030000] _byte_map_base: 0x00000279f6821000

Marking Bits: (CMBitMap*) 0x00000279dd33e910
 Bits: [0x00000279f7030000, 0x00000279f8f38000)

Polling page: 0x00000279dd060000

Metaspace:

Usage:
  Non-class:     33.02 MB used.
      Class:      4.03 MB used.
       Both:     37.05 MB used.

Virtual space:
  Non-class space:       64.00 MB reserved,      33.25 MB ( 52%) committed,  1 nodes.
      Class space:        1.00 GB reserved,       4.25 MB ( <1%) committed,  1 nodes.
             Both:        1.06 GB reserved,      37.50 MB (  3%) committed. 

Chunk freelists:
   Non-Class:  14.20 MB
       Class:  11.75 MB
        Both:  25.95 MB

MaxMetaspaceSize: unlimited
CompressedClassSpaceSize: 1.00 GB
Initial GC threshold: 21.00 MB
Current GC threshold: 55.31 MB
CDS: on
 - commit_granule_bytes: 65536.
 - commit_granule_words: 8192.
 - virtual_space_node_default_size: 8388608.
 - enlarge_chunks_in_place: 1.
 - use_allocation_guard: 0.


Internal statistics:

num_allocs_failed_limit: 3.
num_arena_births: 390.
num_arena_deaths: 0.
num_vsnodes_births: 2.
num_vsnodes_deaths: 0.
num_space_committed: 600.
num_space_uncommitted: 0.
num_chunks_returned_to_freelist: 3.
num_chunks_taken_from_freelist: 1704.
num_chunk_merges: 3.
num_chunk_splits: 1213.
num_chunks_enlarged: 960.
num_inconsistent_stats: 0.

CodeHeap 'non-profiled nmethods': size=120000Kb used=5112Kb max_used=5112Kb free=114887Kb
 bounds [0x00000279ee890000, 0x00000279eed90000, 0x00000279f5dc0000]
CodeHeap 'profiled nmethods': size=120000Kb used=16013Kb max_used=16013Kb free=103986Kb
 bounds [0x00000279e6dc0000, 0x00000279e7d70000, 0x00000279ee2f0000]
CodeHeap 'non-nmethods': size=5760Kb used=1705Kb max_used=1759Kb free=4054Kb
 bounds [0x00000279ee2f0000, 0x00000279ee560000, 0x00000279ee890000]
 total_blobs=8021 nmethods=7422 adapters=503
 compilation: enabled
              stopped_count=0, restarted_count=0
 full_count=0

Compilation events (20 events):
Event: 15.026 Thread 0x00000279fba528b0 nmethod 8655 0x00000279e7d5b490 code [0x00000279e7d5b660, 0x00000279e7d5b998]
Event: 15.026 Thread 0x00000279fba528b0 8656       3       java.lang.ProcessEnvironment$NameComparator::compare (90 bytes)
Event: 15.027 Thread 0x00000279fba528b0 nmethod 8656 0x00000279e7d5ba90 code [0x00000279e7d5bda0, 0x00000279e7d5cff0]
Event: 15.027 Thread 0x00000279fba528b0 8657       3       java.lang.ProcessEnvironment$CheckedEntry::getKey (13 bytes)
Event: 15.027 Thread 0x00000279fba528b0 nmethod 8657 0x00000279e7d5d810 code [0x00000279e7d5d9c0, 0x00000279e7d5dc88]
Event: 15.027 Thread 0x00000279fba528b0 8658       3       java.lang.ProcessEnvironment$CheckedEntry::getValue (5 bytes)
Event: 15.028 Thread 0x00000279fba528b0 nmethod 8658 0x00000279e7d5dd90 code [0x00000279e7d5df60, 0x00000279e7d5e298]
Event: 15.029 Thread 0x00000279c76e94c0 nmethod 8600 0x00000279eed8bc10 code [0x00000279eed8bde0, 0x00000279eed8c318]
Event: 15.030 Thread 0x00000279c76e94c0 8605       4       java.util.regex.Matcher::checkMatch (19 bytes)
Event: 15.030 Thread 0x00000279c76e94c0 nmethod 8605 0x00000279eed8c710 code [0x00000279eed8c8a0, 0x00000279eed8c948]
Event: 15.030 Thread 0x00000279c76e94c0 8617       4       sun.nio.fs.WindowsPath::elementAsString (62 bytes)
Event: 15.037 Thread 0x00000279c76e94c0 nmethod 8617 0x00000279eed8ca10 code [0x00000279eed8cc40, 0x00000279eed8d5c0]
Event: 15.073 Thread 0x00000279fba528b0 8660       3       java.net.URLClassLoader::definePackage (274 bytes)
Event: 15.077 Thread 0x00000279fba528b0 nmethod 8660 0x00000279e7d5e390 code [0x00000279e7d5ea80, 0x00000279e7d62b58]
Event: 15.080 Thread 0x00000279fba528b0 8661       3       java.lang.ThreadLocal$ThreadLocalMap$Entry::<init> (11 bytes)
Event: 15.080 Thread 0x00000279fba528b0 nmethod 8661 0x00000279e7d64490 code [0x00000279e7d64660, 0x00000279e7d64a30]
Event: 15.082 Thread 0x00000279fba528b0 8662       3       java.lang.AbstractStringBuilder::append (45 bytes)
Event: 15.082 Thread 0x00000279fba528b0 nmethod 8662 0x00000279e7d64b90 code [0x00000279e7d64da0, 0x00000279e7d652d0]
Event: 15.321 Thread 0x00000279fba528b0 8663       1       java.util.concurrent.atomic.AtomicInteger::get (5 bytes)
Event: 15.357 Thread 0x00000279fba528b0 nmethod 8663 0x00000279eed8de10 code [0x00000279eed8dfa0, 0x00000279eed8e068]

GC Heap History (20 events):
Event: 7.422 GC heap before
{Heap before GC invocations=4 (full 0):
 garbage-first heap   total 129024K, used 92160K [0x0000000083e00000, 0x0000000100000000)
  region size 1024K, 75 young (76800K), 8 survivors (8192K)
 Metaspace       used 20964K, committed 21248K, reserved 1114112K
  class space    used 2243K, committed 2368K, reserved 1048576K
}
Event: 7.436 GC heap after
{Heap after GC invocations=5 (full 0):
 garbage-first heap   total 129024K, used 29117K [0x0000000083e00000, 0x0000000100000000)
  region size 1024K, 6 young (6144K), 6 survivors (6144K)
 Metaspace       used 20964K, committed 21248K, reserved 1114112K
  class space    used 2243K, committed 2368K, reserved 1048576K
}
Event: 7.454 GC heap before
{Heap before GC invocations=5 (full 0):
 garbage-first heap   total 129024K, used 29117K [0x0000000083e00000, 0x0000000100000000)
  region size 1024K, 7 young (7168K), 6 survivors (6144K)
 Metaspace       used 21252K, committed 21504K, reserved 1114112K
  class space    used 2292K, committed 2432K, reserved 1048576K
}
Event: 7.459 GC heap after
{Heap after GC invocations=6 (full 0):
 garbage-first heap   total 129024K, used 29696K [0x0000000083e00000, 0x0000000100000000)
  region size 1024K, 1 young (1024K), 1 survivors (1024K)
 Metaspace       used 21252K, committed 21504K, reserved 1114112K
  class space    used 2292K, committed 2432K, reserved 1048576K
}
Event: 9.055 GC heap before
{Heap before GC invocations=7 (full 0):
 garbage-first heap   total 102400K, used 100352K [0x0000000083e00000, 0x0000000100000000)
  region size 1024K, 60 young (61440K), 1 survivors (1024K)
 Metaspace       used 28577K, committed 28928K, reserved 1114112K
  class space    used 3128K, committed 3264K, reserved 1048576K
}
Event: 9.075 GC heap after
{Heap after GC invocations=8 (full 0):
 garbage-first heap   total 118784K, used 53760K [0x0000000083e00000, 0x0000000100000000)
  region size 1024K, 8 young (8192K), 8 survivors (8192K)
 Metaspace       used 28577K, committed 28928K, reserved 1114112K
  class space    used 3128K, committed 3264K, reserved 1048576K
}
Event: 9.628 GC heap before
{Heap before GC invocations=8 (full 0):
 garbage-first heap   total 118784K, used 93696K [0x0000000083e00000, 0x0000000100000000)
  region size 1024K, 47 young (48128K), 8 survivors (8192K)
 Metaspace       used 29270K, committed 29568K, reserved 1114112K
  class space    used 3194K, committed 3328K, reserved 1048576K
}
Event: 9.655 GC heap after
{Heap after GC invocations=9 (full 0):
 garbage-first heap   total 118784K, used 63488K [0x0000000083e00000, 0x0000000100000000)
  region size 1024K, 6 young (6144K), 6 survivors (6144K)
 Metaspace       used 29270K, committed 29568K, reserved 1114112K
  class space    used 3194K, committed 3328K, reserved 1048576K
}
Event: 10.600 GC heap before
{Heap before GC invocations=9 (full 0):
 garbage-first heap   total 118784K, used 97280K [0x0000000083e00000, 0x0000000100000000)
  region size 1024K, 40 young (40960K), 6 survivors (6144K)
 Metaspace       used 30935K, committed 31360K, reserved 1114112K
  class space    used 3375K, committed 3584K, reserved 1048576K
}
Event: 10.617 GC heap after
{Heap after GC invocations=10 (full 0):
 garbage-first heap   total 118784K, used 66048K [0x0000000083e00000, 0x0000000100000000)
  region size 1024K, 3 young (3072K), 3 survivors (3072K)
 Metaspace       used 30935K, committed 31360K, reserved 1114112K
  class space    used 3375K, committed 3584K, reserved 1048576K
}
Event: 11.395 GC heap before
{Heap before GC invocations=11 (full 0):
 garbage-first heap   total 118784K, used 97792K [0x0000000083e00000, 0x0000000100000000)
  region size 1024K, 37 young (37888K), 3 survivors (3072K)
 Metaspace       used 33133K, committed 33600K, reserved 1114112K
  class space    used 3629K, committed 3840K, reserved 1048576K
}
Event: 11.407 GC heap after
{Heap after GC invocations=12 (full 0):
 garbage-first heap   total 118784K, used 65318K [0x0000000083e00000, 0x0000000100000000)
  region size 1024K, 5 young (5120K), 5 survivors (5120K)
 Metaspace       used 33133K, committed 33600K, reserved 1114112K
  class space    used 3629K, committed 3840K, reserved 1048576K
}
Event: 12.418 GC heap before
{Heap before GC invocations=12 (full 0):
 garbage-first heap   total 118784K, used 111398K [0x0000000083e00000, 0x0000000100000000)
  region size 1024K, 41 young (41984K), 5 survivors (5120K)
 Metaspace       used 33446K, committed 33920K, reserved 1114112K
  class space    used 3648K, committed 3904K, reserved 1048576K
}
Event: 12.439 GC heap after
{Heap after GC invocations=13 (full 0):
 garbage-first heap   total 155648K, used 79360K [0x0000000083e00000, 0x0000000100000000)
  region size 1024K, 6 young (6144K), 6 survivors (6144K)
 Metaspace       used 33446K, committed 33920K, reserved 1114112K
  class space    used 3648K, committed 3904K, reserved 1048576K
}
Event: 12.592 GC heap before
{Heap before GC invocations=13 (full 0):
 garbage-first heap   total 155648K, used 84480K [0x0000000083e00000, 0x0000000100000000)
  region size 1024K, 12 young (12288K), 6 survivors (6144K)
 Metaspace       used 33456K, committed 33984K, reserved 1114112K
  class space    used 3648K, committed 3904K, reserved 1048576K
}
Event: 12.597 GC heap after
{Heap after GC invocations=14 (full 0):
 garbage-first heap   total 155648K, used 82594K [0x0000000083e00000, 0x0000000100000000)
  region size 1024K, 3 young (3072K), 3 survivors (3072K)
 Metaspace       used 33456K, committed 33984K, reserved 1114112K
  class space    used 3648K, committed 3904K, reserved 1048576K
}
Event: 13.269 GC heap before
{Heap before GC invocations=15 (full 0):
 garbage-first heap   total 155648K, used 126626K [0x0000000083e00000, 0x0000000100000000)
  region size 1024K, 45 young (46080K), 3 survivors (3072K)
 Metaspace       used 33506K, committed 33984K, reserved 1114112K
  class space    used 3648K, committed 3904K, reserved 1048576K
}
Event: 13.280 GC heap after
{Heap after GC invocations=16 (full 0):
 garbage-first heap   total 155648K, used 96249K [0x0000000083e00000, 0x0000000100000000)
  region size 1024K, 6 young (6144K), 6 survivors (6144K)
 Metaspace       used 33506K, committed 33984K, reserved 1114112K
  class space    used 3648K, committed 3904K, reserved 1048576K
}
Event: 14.012 GC heap before
{Heap before GC invocations=16 (full 0):
 garbage-first heap   total 155648K, used 127993K [0x0000000083e00000, 0x0000000100000000)
  region size 1024K, 38 young (38912K), 6 survivors (6144K)
 Metaspace       used 34838K, committed 35264K, reserved 1114112K
  class space    used 3804K, committed 4032K, reserved 1048576K
}
Event: 14.021 GC heap after
{Heap after GC invocations=17 (full 0):
 garbage-first heap   total 155648K, used 86618K [0x0000000083e00000, 0x0000000100000000)
  region size 1024K, 2 young (2048K), 2 survivors (2048K)
 Metaspace       used 34838K, committed 35264K, reserved 1114112K
  class space    used 3804K, committed 4032K, reserved 1048576K
}

Dll operation events (9 events):
Event: 0.016 Loaded shared library C:\Program Files\Java\jdk-21.0.10\bin\java.dll
Event: 0.066 Loaded shared library C:\Program Files\Java\jdk-21.0.10\bin\jsvml.dll
Event: 0.089 Loaded shared library C:\Program Files\Java\jdk-21.0.10\bin\net.dll
Event: 0.094 Loaded shared library C:\Program Files\Java\jdk-21.0.10\bin\nio.dll
Event: 0.100 Loaded shared library C:\Program Files\Java\jdk-21.0.10\bin\zip.dll
Event: 0.306 Loaded shared library C:\Program Files\Java\jdk-21.0.10\bin\jimage.dll
Event: 0.334 Loaded shared library C:\Users\akash patil\AppData\Local\Temp\jansi-2.4.1-db6b6c9376ad4231-jansi.dll
Event: 0.763 Loaded shared library C:\Program Files\Java\jdk-21.0.10\bin\verify.dll
Event: 2.570 Loaded shared library C:\Program Files\Java\jdk-21.0.10\bin\extnet.dll

Deoptimization events (20 events):
Event: 15.080 Thread 0x00000279fba36c00 Uncommon trap: trap_request=0xffffff45 fr.pc=0x00000279eed89c28 relative=0x0000000000000d88
Event: 15.080 Thread 0x00000279fba36c00 Uncommon trap: reason=unstable_if action=reinterpret pc=0x00000279eed89c28 method=java.util.regex.Pattern.sequence(Ljava/util/regex/Pattern$Node;)Ljava/util/regex/Pattern$Node; @ 144 c2
Event: 15.080 Thread 0x00000279fba36c00 DEOPT PACKING pc=0x00000279eed89c28 sp=0x000000b117ffee90
Event: 15.080 Thread 0x00000279fba36c00 DEOPT UNPACKING pc=0x00000279ee347da2 sp=0x000000b117ffee40 mode 2
Event: 15.082 Thread 0x00000279fba36c00 Uncommon trap: trap_request=0xffffff45 fr.pc=0x00000279ee9a65ec relative=0x000000000000030c
Event: 15.082 Thread 0x00000279fba36c00 Uncommon trap: reason=unstable_if action=reinterpret pc=0x00000279ee9a65ec method=java.lang.AbstractStringBuilder.inflateIfNeededFor(Ljava/lang/String;)V @ 14 c2
Event: 15.082 Thread 0x00000279fba36c00 DEOPT PACKING pc=0x00000279ee9a65ec sp=0x000000b117fff590
Event: 15.082 Thread 0x00000279fba36c00 DEOPT UNPACKING pc=0x00000279ee347da2 sp=0x000000b117fff420 mode 2
Event: 15.082 Thread 0x00000279fba36c00 Uncommon trap: trap_request=0xffffff45 fr.pc=0x00000279eec48f68 relative=0x0000000000000308
Event: 15.082 Thread 0x00000279fba36c00 Uncommon trap: reason=unstable_if action=reinterpret pc=0x00000279eec48f68 method=java.lang.String.getBytes([BIB)V @ 5 c2
Event: 15.082 Thread 0x00000279fba36c00 DEOPT PACKING pc=0x00000279eec48f68 sp=0x000000b117fff540
Event: 15.082 Thread 0x00000279fba36c00 DEOPT UNPACKING pc=0x00000279ee347da2 sp=0x000000b117fff418 mode 2
Event: 15.082 Thread 0x00000279fba36c00 Uncommon trap: trap_request=0xffffff45 fr.pc=0x00000279ee9fdde4 relative=0x00000000000000c4
Event: 15.082 Thread 0x00000279fba36c00 Uncommon trap: reason=unstable_if action=reinterpret pc=0x00000279ee9fdde4 method=java.lang.String.codePointAt(I)I @ 4 c2
Event: 15.082 Thread 0x00000279fba36c00 DEOPT PACKING pc=0x00000279ee9fdde4 sp=0x000000b117fff580
Event: 15.082 Thread 0x00000279fba36c00 DEOPT UNPACKING pc=0x00000279ee347da2 sp=0x000000b117fff508 mode 2
Event: 15.082 Thread 0x00000279fba36c00 Uncommon trap: trap_request=0xffffffde fr.pc=0x00000279ee905340 relative=0x00000000000003c0
Event: 15.082 Thread 0x00000279fba36c00 Uncommon trap: reason=class_check action=maybe_recompile pc=0x00000279ee905340 method=sun.nio.cs.StreamDecoder.read([CII)I @ 8 c2
Event: 15.082 Thread 0x00000279fba36c00 DEOPT PACKING pc=0x00000279ee905340 sp=0x000000b117fff590
Event: 15.082 Thread 0x00000279fba36c00 DEOPT UNPACKING pc=0x00000279ee347da2 sp=0x000000b117fff548 mode 2

Classes loaded (20 events):
Event: 15.024 Loading class java/lang/ProcessImpl
Event: 15.025 Loading class java/lang/Process
Event: 15.025 Loading class java/lang/Process done
Event: 15.025 Loading class java/lang/ProcessImpl done
Event: 15.053 Loading class java/lang/ProcessImpl$2
Event: 15.053 Loading class java/lang/ProcessImpl$2 done
Event: 15.054 Loading class java/lang/Process$PipeInputStream
Event: 15.054 Loading class java/lang/Process$PipeInputStream done
Event: 15.056 Loading class jdk/internal/event/ProcessStartEvent
Event: 15.057 Loading class jdk/internal/event/ProcessStartEvent done
Event: 15.058 Loading class java/nio/channels/ClosedChannelException
Event: 15.058 Loading class java/nio/channels/ClosedChannelException done
Event: 15.060 Loading class java/nio/channels/NonReadableChannelException
Event: 15.061 Loading class java/nio/channels/NonReadableChannelException done
Event: 15.061 Loading class java/nio/channels/NonWritableChannelException
Event: 15.061 Loading class java/nio/channels/NonWritableChannelException done
Event: 15.078 Loading class java/util/Scanner
Event: 15.079 Loading class java/util/Scanner done
Event: 15.081 Loading class java/util/Scanner$PatternLRUCache
Event: 15.081 Loading class java/util/Scanner$PatternLRUCache done

Classes unloaded (0 events):
No events

Classes redefined (0 events):
No events

Internal exceptions (20 events):
Event: 14.039 Thread 0x00000279dce03ca0 Exception <a 'sun/nio/fs/WindowsException'{0x00000000fff95e10}> (0x00000000fff95e10) 
thrown [s\open\src\hotspot\share\prims\jni.cpp, line 520]
Event: 14.039 Thread 0x00000279dce03ca0 Exception <a 'sun/nio/fs/WindowsException'{0x00000000fff96940}> (0x00000000fff96940) 
thrown [s\open\src\hotspot\share\prims\jni.cpp, line 520]
Event: 14.043 Thread 0x00000279dce03ca0 Exception <a 'sun/nio/fs/WindowsException'{0x00000000fffc93c8}> (0x00000000fffc93c8) 
thrown [s\open\src\hotspot\share\prims\jni.cpp, line 520]
Event: 14.043 Thread 0x00000279dce03ca0 Exception <a 'sun/nio/fs/WindowsException'{0x00000000fffc9ef8}> (0x00000000fffc9ef8) 
thrown [s\open\src\hotspot\share\prims\jni.cpp, line 520]
Event: 14.045 Thread 0x00000279dce03ca0 Exception <a 'sun/nio/fs/WindowsException'{0x00000000fffeb250}> (0x00000000fffeb250) 
thrown [s\open\src\hotspot\share\prims\jni.cpp, line 520]
Event: 14.045 Thread 0x00000279dce03ca0 Exception <a 'sun/nio/fs/WindowsException'{0x00000000fffebd80}> (0x00000000fffebd80) 
thrown [s\open\src\hotspot\share\prims\jni.cpp, line 520]
Event: 14.051 Thread 0x00000279dce03ca0 Exception <a 'sun/nio/fs/WindowsException'{0x00000000ffecaee0}> (0x00000000ffecaee0) 
thrown [s\open\src\hotspot\share\prims\jni.cpp, line 520]
Event: 14.054 Thread 0x00000279dce03ca0 Exception <a 'sun/nio/fs/WindowsException'{0x00000000ffee5430}> (0x00000000ffee5430) 
thrown [s\open\src\hotspot\share\prims\jni.cpp, line 520]
Event: 14.059 Thread 0x00000279dce03ca0 Exception <a 'sun/nio/fs/WindowsException'{0x00000000ffd02c30}> (0x00000000ffd02c30) 
thrown [s\open\src\hotspot\share\prims\jni.cpp, line 520]
Event: 14.060 Thread 0x00000279dce03ca0 Exception <a 'sun/nio/fs/WindowsException'{0x00000000ffd033e0}> (0x00000000ffd033e0) 
thrown [s\open\src\hotspot\share\prims\jni.cpp, line 520]
Event: 14.060 Thread 0x00000279dce03ca0 Exception <a 'sun/nio/fs/WindowsException'{0x00000000ffd039b0}> (0x00000000ffd039b0) 
thrown [s\open\src\hotspot\share\prims\jni.cpp, line 520]
Event: 14.060 Thread 0x00000279dce03ca0 Exception <a 'sun/nio/fs/WindowsException'{0x00000000ffd04128}> (0x00000000ffd04128) 
thrown [s\open\src\hotspot\share\prims\jni.cpp, line 520]
Event: 14.060 Thread 0x00000279dce03ca0 Exception <a 'sun/nio/fs/WindowsException'{0x00000000ffd04878}> (0x00000000ffd04878) 
thrown [s\open\src\hotspot\share\prims\jni.cpp, line 520]
Event: 14.679 Thread 0x00000279fba38cd0 Exception <a 'java/lang/NoSuchMethodError'{0x000000008b3186b8}: 'java.lang.Object java.lang.invoke.DirectMethodHandle$Holder.invokeStatic(java.lang.Object, long, java.lang.Object)'> (0x000000008b3186b8) 
thrown [s\open\src\hotspot\share\interpreter\linkResolver.cpp, line 773]
Event: 14.680 Thread 0x00000279fba38cd0 Exception <a 'java/lang/NoSuchMethodError'{0x000000008b31bba0}: 'java.lang.Object java.lang.invoke.DirectMethodHandle$Holder.invokeStaticInit(java.lang.Object, long, java.lang.Object)'> (0x000000008b31bba0) 
thrown [s\open\src\hotspot\share\interpreter\linkResolver.cpp, line 773]
Event: 14.681 Thread 0x00000279fba38cd0 Exception <a 'java/lang/NoSuchMethodError'{0x000000008b320fb8}: 'java.lang.Object java.lang.invoke.DirectMethodHandle$Holder.newInvokeSpecial(java.lang.Object, long)'> (0x000000008b320fb8) 
thrown [s\open\src\hotspot\share\interpreter\linkResolver.cpp, line 773]
Event: 14.684 Thread 0x00000279fba38cd0 Exception <a 'java/lang/NoSuchMethodError'{0x000000008b325760}: 'long java.lang.invoke.DirectMethodHandle$Holder.invokeInterface(java.lang.Object, java.lang.Object)'> (0x000000008b325760) 
thrown [s\open\src\hotspot\share\interpreter\linkResolver.cpp, line 773]
Event: 14.685 Thread 0x00000279fba38cd0 Exception <a 'java/lang/NoSuchMethodError'{0x000000008b328c28}: 'long java.lang.invoke.DelegatingMethodHandle$Holder.reinvoke_L(java.lang.Object, java.lang.Object)'> (0x000000008b328c28) 
thrown [s\open\src\hotspot\share\interpreter\linkResolver.cpp, line 773]
Event: 14.752 Thread 0x00000279dce03ca0 Exception <a 'java/lang/NoSuchMethodError'{0x000000008b1c3d98}: 'java.lang.Object java.lang.invoke.DirectMethodHandle$Holder.invokeStaticInit(java.lang.Object, java.lang.Object, int, int, int, int)'> (0x000000008b1c3d98) 
thrown [s\open\src\hotspot\share\interpreter\linkResolver.cpp, line 773]
Event: 15.053 Thread 0x00000279dce03ca0 Exception <a 'java/lang/NoSuchMethodError'{0x000000008a569bf0}: 'void java.lang.invoke.DirectMethodHandle$Holder.invokeStatic(java.lang.Object, long)'> (0x000000008a569bf0) 
thrown [s\open\src\hotspot\share\interpreter\linkResolver.cpp, line 773]

ZGC Phase Switch (0 events):
No events

VM Operations (20 events):
Event: 13.269 Executing VM operation: G1CollectForAllocation (G1 Evacuation Pause)
Event: 13.280 Executing VM operation: G1CollectForAllocation (G1 Evacuation Pause) done
Event: 14.012 Executing VM operation: G1CollectForAllocation (G1 Evacuation Pause)
Event: 14.022 Executing VM operation: G1CollectForAllocation (G1 Evacuation Pause) done
Event: 14.650 Executing VM operation: HandshakeAllThreads (Deoptimize)
Event: 14.650 Executing VM operation: HandshakeAllThreads (Deoptimize) done
Event: 14.686 Executing VM operation: HandshakeAllThreads (Deoptimize)
Event: 14.686 Executing VM operation: HandshakeAllThreads (Deoptimize) done
Event: 14.912 Executing VM operation: HandshakeAllThreads (Deoptimize)
Event: 14.912 Executing VM operation: HandshakeAllThreads (Deoptimize) done
Event: 14.934 Executing VM operation: ICBufferFull
Event: 14.934 Executing VM operation: ICBufferFull done
Event: 14.952 Executing VM operation: HandshakeAllThreads (Deoptimize)
Event: 14.952 Executing VM operation: HandshakeAllThreads (Deoptimize) done
Event: 14.961 Executing VM operation: HandshakeAllThreads (Deoptimize)
Event: 14.961 Executing VM operation: HandshakeAllThreads (Deoptimize) done
Event: 15.056 Executing VM operation: HandshakeAllThreads (Deoptimize)
Event: 15.056 Executing VM operation: HandshakeAllThreads (Deoptimize) done
Event: 16.066 Executing VM operation: Cleanup
Event: 16.066 Executing VM operation: Cleanup done

Events (20 events):
Event: 12.658 Thread 0x00000279fba07ca0 flushing nmethod 0x00000279e7bc3f10
Event: 12.658 Thread 0x00000279fba07ca0 flushing nmethod 0x00000279e7bce090
Event: 12.658 Thread 0x00000279fba07ca0 flushing nmethod 0x00000279e7bcfc90
Event: 12.658 Thread 0x00000279fba07ca0 flushing nmethod 0x00000279e7bddc90
Event: 12.658 Thread 0x00000279fba07ca0 flushing nmethod 0x00000279e7c0d310
Event: 12.658 Thread 0x00000279fba07ca0 flushing nmethod 0x00000279e7c10590
Event: 12.658 Thread 0x00000279fba07ca0 flushing nmethod 0x00000279e7c3bd90
Event: 12.658 Thread 0x00000279fba07ca0 flushing nmethod 0x00000279e7c47510
Event: 12.887 Thread 0x00000279c62a5570 Thread exited: 0x00000279c62a5570
Event: 12.887 Thread 0x00000279c76e95d0 Thread exited: 0x00000279c76e95d0
Event: 13.251 Thread 0x00000279c76e94c0 Thread added: 0x00000279c76e94c0
Event: 14.656 Thread 0x00000279fba38cd0 Thread added: 0x00000279fba38cd0
Event: 14.686 Thread 0x00000279fba38cd0 Thread exited: 0x00000279fba38cd0
Event: 14.881 Thread 0x00000279fba38cd0 Thread added: 0x00000279fba38cd0
Event: 14.887 Thread 0x00000279fba39360 Thread added: 0x00000279fba39360
Event: 15.018 Thread 0x00000279fba399f0 Thread added: 0x00000279fba399f0
Event: 15.077 Thread 0x00000279fba36c00 Thread added: 0x00000279fba36c00
Event: 15.078 Thread 0x00000279c672bf40 Thread added: 0x00000279c672bf40
Event: 15.085 Thread 0x00000279c672b220 Thread added: 0x00000279c672b220
Event: 15.336 Thread 0x00000279c76e94c0 Thread exited: 0x00000279c76e94c0


Dynamic libraries:
0x00007ff661800000 - 0x00007ff661810000 	C:\Program Files\Java\jdk-21.0.10\bin\javaw.exe
0x00007fff7e940000 - 0x00007fff7eba7000 	C:\WINDOWS\SYSTEM32\ntdll.dll
0x00007fff7c8d0000 - 0x00007fff7c999000 	C:\WINDOWS\System32\KERNEL32.DLL
0x00007fff7b8e0000 - 0x00007fff7bcd7000 	C:\WINDOWS\System32\KERNELBASE.dll
0x00007fff7b560000 - 0x00007fff7b6ab000 	C:\WINDOWS\System32\ucrtbase.dll
0x00007fff5d680000 - 0x00007fff5d699000 	C:\Program Files\Java\jdk-21.0.10\bin\jli.dll
0x00007fff5d550000 - 0x00007fff5d56e000 	C:\Program Files\Java\jdk-21.0.10\bin\VCRUNTIME140.dll
0x00007fff7d080000 - 0x00007fff7d136000 	C:\WINDOWS\System32\ADVAPI32.dll
0x00007fff7d1d0000 - 0x00007fff7d279000 	C:\WINDOWS\System32\msvcrt.dll
0x00007fff7c820000 - 0x00007fff7c8c7000 	C:\WINDOWS\System32\sechost.dll
0x00007fff7e5f0000 - 0x00007fff7e708000 	C:\WINDOWS\System32\RPCRT4.dll
0x00007fff7ceb0000 - 0x00007fff7d076000 	C:\WINDOWS\System32\USER32.dll
0x00007fff7b370000 - 0x00007fff7b397000 	C:\WINDOWS\System32\win32u.dll
0x00007fff5ecc0000 - 0x00007fff5ef52000 	C:\WINDOWS\WinSxS\amd64_microsoft.windows.common-controls_6595b64144ccf1df_6.0.26100.8457_none_3e0b2faee331e92d\COMCTL32.dll
0x00007fff7dd70000 - 0x00007fff7dd9b000 	C:\WINDOWS\System32\GDI32.dll
0x00007fff7b430000 - 0x00007fff7b55c000 	C:\WINDOWS\System32\gdi32full.dll
0x00007fff7c610000 - 0x00007fff7c6b3000 	C:\WINDOWS\System32\msvcp_win.dll
0x00007fff6ab20000 - 0x00007fff6ab2b000 	C:\WINDOWS\SYSTEM32\VERSION.dll
0x00007fff7e710000 - 0x00007fff7e742000 	C:\WINDOWS\System32\IMM32.DLL
0x00007fff6ab30000 - 0x00007fff6ab3c000 	C:\Program Files\Java\jdk-21.0.10\bin\vcruntime140_1.dll
0x00007fff43640000 - 0x00007fff436cd000 	C:\Program Files\Java\jdk-21.0.10\bin\msvcp140.dll
0x00007ffebea90000 - 0x00007ffebf7b7000 	C:\Program Files\Java\jdk-21.0.10\bin\server\jvm.dll
0x00007fff7d140000 - 0x00007fff7d1c0000 	C:\WINDOWS\System32\WS2_32.dll
0x00007fff7b1d0000 - 0x00007fff7b22e000 	C:\WINDOWS\SYSTEM32\POWRPROF.dll
0x00007fff5b640000 - 0x00007fff5b676000 	C:\WINDOWS\SYSTEM32\WINMM.dll
0x00007fff7b1b0000 - 0x00007fff7b1c4000 	C:\WINDOWS\SYSTEM32\UMPDC.dll
0x00007fff7a100000 - 0x00007fff7a11b000 	C:\WINDOWS\SYSTEM32\kernel.appcore.dll
0x00007fff698f0000 - 0x00007fff698fa000 	C:\Program Files\Java\jdk-21.0.10\bin\jimage.dll
0x00007fff78e30000 - 0x00007fff79072000 	C:\WINDOWS\SYSTEM32\DBGHELP.DLL
0x00007fff7ddb0000 - 0x00007fff7e133000 	C:\WINDOWS\System32\combase.dll
0x00007fff7d380000 - 0x00007fff7d459000 	C:\WINDOWS\System32\OLEAUT32.dll
0x00007fff57580000 - 0x00007fff575bb000 	C:\WINDOWS\SYSTEM32\dbgcore.DLL
0x00007fff7b6b0000 - 0x00007fff7b758000 	C:\WINDOWS\System32\bcryptPrimitives.dll
0x00007fff56de0000 - 0x00007fff56e01000 	C:\Program Files\Java\jdk-21.0.10\bin\java.dll
0x00007fff7d4d0000 - 0x00007fff7dc3e000 	C:\WINDOWS\System32\SHELL32.dll
0x00007fff7bce0000 - 0x00007fff7c54c000 	C:\WINDOWS\System32\windows.storage.dll
0x00007fff7d280000 - 0x00007fff7d376000 	C:\WINDOWS\System32\SHCORE.dll
0x00007fff7d460000 - 0x00007fff7d4c6000 	C:\WINDOWS\System32\shlwapi.dll
0x00007fff7b290000 - 0x00007fff7b2b9000 	C:\WINDOWS\SYSTEM32\profapi.dll
0x00007fff27d90000 - 0x00007fff27e67000 	C:\Program Files\Java\jdk-21.0.10\bin\jsvml.dll
0x00007fff55200000 - 0x00007fff55211000 	C:\Program Files\Java\jdk-21.0.10\bin\net.dll
0x00007fff72f20000 - 0x00007fff73049000 	C:\WINDOWS\SYSTEM32\WINHTTP.dll
0x00007fff7a670000 - 0x00007fff7a6dc000 	C:\WINDOWS\system32\mswsock.dll
0x00007fff4e560000 - 0x00007fff4e576000 	C:\Program Files\Java\jdk-21.0.10\bin\nio.dll
0x00007fff5d530000 - 0x00007fff5d548000 	C:\Program Files\Java\jdk-21.0.10\bin\zip.dll
0x00007fff32330000 - 0x00007fff32354000 	C:\Users\akash patil\AppData\Local\Temp\jansi-2.4.1-db6b6c9376ad4231-jansi.dll
0x00007fff62fd0000 - 0x00007fff62fe0000 	C:\Program Files\Java\jdk-21.0.10\bin\verify.dll
0x00007fff79ba0000 - 0x00007fff79bd2000 	C:\WINDOWS\SYSTEM32\IPHLPAPI.DLL
0x00007fff7cb10000 - 0x00007fff7cb1a000 	C:\WINDOWS\System32\NSI.dll
0x00007fff5d590000 - 0x00007fff5d599000 	C:\Program Files\Java\jdk-21.0.10\bin\extnet.dll
0x00007fff7a950000 - 0x00007fff7a96b000 	C:\WINDOWS\SYSTEM32\CRYPTSP.dll
0x00007fff7a060000 - 0x00007fff7a099000 	C:\WINDOWS\system32\rsaenh.dll
0x00007fff7a720000 - 0x00007fff7a753000 	C:\WINDOWS\SYSTEM32\USERENV.dll
0x00007fff7b260000 - 0x00007fff7b28a000 	C:\WINDOWS\SYSTEM32\bcrypt.dll
0x00007fff7a970000 - 0x00007fff7a97c000 	C:\WINDOWS\SYSTEM32\CRYPTBASE.dll

dbghelp: loaded successfully - version: 4.0.5 - missing functions: none
symbol engine: initialized successfully - sym options: 0x614 - pdb path: .;C:\Program Files\Java\jdk-21.0.10\bin;C:\WINDOWS\SYSTEM32;C:\WINDOWS\WinSxS\amd64_microsoft.windows.common-controls_6595b64144ccf1df_6.0.26100.8457_none_3e0b2faee331e92d;C:\Program Files\Java\jdk-21.0.10\bin\server;C:\Users\akash patil\AppData\Local\Temp

VM Arguments:
jvm_args: -Dmaven.home=EMBEDDED -Dclassworlds.conf=C:\Users\akash patil\SpringPractice\.metadata\.plugins\org.eclipse.m2e.launching\launches\m2conf5028987866857428943.tmp -Dmaven.multiModuleProjectDirectory=C:\Users\akash patil\SpringPractice\api-gateway.zip_expanded\api-gateway -Dm2e.build.project.data.socket.port=56290 -Dfile.encoding=UTF-8 -Dstdout.encoding=UTF-8 -Dstderr.encoding=UTF-8 -XX:+ShowCodeDetailsInExceptionMessages 
java_command: org.codehaus.plexus.classworlds.launcher.Launcher -B -Dstyle.color=always install
java_class_path (initial): C:\Users\akash patil\.p2\pool\plugins\org.eclipse.m2e.maven.runtime_3.9.700.20240602-2313\jars\plexus-classworlds-2.8.0.jar
Launcher Type: SUN_STANDARD

[Global flags]
     intx CICompilerCount                          = 4                                         {product} {ergonomic}
     uint ConcGCThreads                            = 2                                         {product} {ergonomic}
     uint G1ConcRefinementThreads                  = 8                                         {product} {ergonomic}
   size_t G1HeapRegionSize                         = 1048576                                   {product} {ergonomic}
    uintx GCDrainStackTargetSize                   = 64                                        {product} {ergonomic}
   size_t InitialHeapSize                          = 132120576                                 {product} {ergonomic}
   size_t MarkStackSize                            = 4194304                                   {product} {ergonomic}
   size_t MaxHeapSize                              = 2082471936                                {product} {ergonomic}
   size_t MaxNewSize                               = 1248854016                                {product} {ergonomic}
   size_t MinHeapDeltaBytes                        = 1048576                                   {product} {ergonomic}
   size_t MinHeapSize                              = 8388608                                   {product} {ergonomic}
    uintx NonNMethodCodeHeapSize                   = 5839372                                {pd product} {ergonomic}
    uintx NonProfiledCodeHeapSize                  = 122909434                              {pd product} {ergonomic}
    uintx ProfiledCodeHeapSize                     = 122909434                              {pd product} {ergonomic}
    uintx ReservedCodeCacheSize                    = 251658240                              {pd product} {ergonomic}
     bool SegmentedCodeCache                       = true                                      {product} {ergonomic}
     bool ShowCodeDetailsInExceptionMessages       = true                                   {manageable} {command line}
   size_t SoftMaxHeapSize                          = 2082471936                             {manageable} {ergonomic}
     bool UseCompressedOops                        = true                           {product lp64_product} {ergonomic}
     bool UseG1GC                                  = true                                      {product} {ergonomic}
     bool UseLargePagesIndividualAllocation        = false                                  {pd product} {ergonomic}

Logging:
Log output configuration:
 #0: stdout all=warning uptime,level,tags foldmultilines=false
 #1: stderr all=off uptime,level,tags foldmultilines=false

Environment Variables:
JAVA_HOME=C:\Program Files\Java\jdk-21
PATH=C:\Program Files\Common Files\Oracle\Java\javapath;C:\Python313\Scripts\;C:\Python313\;D:\apache-maven-3.9.9-bin\apache-maven-3.9.9\bin;C:\Oracle\dbhomeXE\bin;C:\windows\system32;C:\windows;C:\windows\System32\Wbem;C:\windows\System32\WindowsPowerShell\v1.0\;C:\windows\System32\OpenSSH\;C:\Program Files (x86)\NVIDIA Corporation\PhysX\Common;C:\Program Files\NVIDIA Corporation\NVIDIA NvDLISR;C:\Program Files\Microsoft VS Code\bin;C:\mingw32\bin;C:\Program Files\dotnet\;C:\Program Files\Microsoft SQL Server\150\Tools\Binn\;C:\Program Files\Microsoft SQL Server\Client SDK\ODBC\170\Tools\Binn\;C:\WINDOWS\system32;C:\WINDOWS;C:\WINDOWS\System32\Wbem;C:\WINDOWS\System32\WindowsPowerShell\v1.0\;C:\WINDOWS\System32\OpenSSH\;C:\Program Files (x86)\Microsoft SQL Server\160\Tools\Binn\;C:\Program Files\Microsoft SQL Server\160\Tools\Binn\;C:\Program Files\Microsoft SQL Server\160\DTS\Binn\;C:\Program Files\MySQL\MySQL Server 8.0\bin;C:\Program Files\HP\HP One Agent;C:\Program Files\instantclient-basic-windows.x64-23.5.0.24.07\instantclient_23_5;C:\WINDOWS\system32;C:\WINDOWS;C:\WINDOWS\System32\Wbem;C:\WINDOWS\System32\WindowsPowerShell\v1.0\;C:\WINDOWS\System32\OpenSSH\;C:\Program Files\nodejs\;C:\ProgramData\chocolatey\bin;C:\Program Files\Docker\Docker\resources\bin;C:\Program Files\Git\cmd;C:\ProgramData\chocolatey\lib\maven\apache-maven-3.9.12\bin;C:\Program Files\Amazon\AWSCLIV2\;C:\Program Files\MySQL\MySQL Shell 8.0\bin\;C:\Program Files\Java\jdk-21\bin;C:\Users\akash patil\AppData\Local\Microsoft\WindowsApps;C:\Program Files\JetBrains\PyCharm 2021.3\bin;;C:\Program Files\Azure Data Studio\bin;C:\Users\akash patil\.dotnet\tools;C:\Users\akash patil\AppData\Roaming\npm;C:\Program Files\Oracle\VirtualBox
USERNAME=akash patil
OS=Windows_NT
PROCESSOR_IDENTIFIER=Intel64 Family 6 Model 140 Stepping 1, GenuineIntel
TMP=C:\Users\AKASHP~1\AppData\Local\Temp
TEMP=C:\Users\AKASHP~1\AppData\Local\Temp




Periodic native trim disabled

---------------  S Y S T E M  ---------------

OS:
 Windows 11 , 64 bit Build 26100 (10.0.26100.8328)
OS uptime: 4 days 5:20 hours
Hyper-V role detected

CPU: total 8 (initial active 8) (4 cores per cpu, 2 threads per core) family 6 model 140 stepping 1 microcode 0xa4, cx8, cmov, fxsr, ht, mmx, 3dnowpref, sse, sse2, sse3, ssse3, sse4.1, sse4.2, popcnt, lzcnt, tsc, tscinvbit, avx, avx2, aes, erms, clmul, bmi1, bmi2, adx, avx512f, avx512dq, avx512cd, avx512bw, avx512vl, sha, fma, vzeroupper, avx512_vpopcntdq, avx512_vpclmulqdq, avx512_vaes, avx512_vnni, clflush, clflushopt, clwb, avx512_vbmi2, avx512_vbmi, hv, rdtscp, rdpid, fsrm, gfni, avx512_bitalg, f16c, cet_ibt, cet_ss, avx512_ifma
Processor Information for processor 0
  Max Mhz: 3110, Current Mhz: 3110, Mhz Limit: 3110
Processor Information for processor 1
  Max Mhz: 3110, Current Mhz: 3110, Mhz Limit: 3110
Processor Information for processor 2
  Max Mhz: 3110, Current Mhz: 1003, Mhz Limit: 3110
Processor Information for processor 3
  Max Mhz: 3110, Current Mhz: 1003, Mhz Limit: 3110
Processor Information for processor 4
  Max Mhz: 3110, Current Mhz: 3110, Mhz Limit: 3110
Processor Information for processor 5
  Max Mhz: 3110, Current Mhz: 1003, Mhz Limit: 3110
Processor Information for processor 6
  Max Mhz: 3110, Current Mhz: 1003, Mhz Limit: 3110
Processor Information for processor 7
  Max Mhz: 3110, Current Mhz: 3110, Mhz Limit: 3110

Memory: 4k page, system-wide physical 7937M (434M free)
TotalPageFile size 32513M (AvailPageFile size 23M)
current process WorkingSet (physical memory assigned to process): 367M, peak: 371M
current process commit charge ("private bytes"): 422M, peak: 427M

vm_info: Java HotSpot(TM) 64-Bit Server VM (21.0.10+8-LTS-217) for windows-amd64 JRE (21.0.10+8-LTS-217), built on 2025-12-18T14:59:28Z by "mach5run" with MS VC++ 17.13 (VS2022)

END.
